<?xml version="1.0" encoding="UTF-8"?>
<testng-results total="1" passed="1" failed="0" skipped="0">
  <reporter-output>
  </reporter-output>
  <suite started-at="2024-05-31T11:19:38Z" name="Default suite" finished-at="2024-05-31T11:20:10Z" duration-ms="32259">
    <groups>
    </groups>
    <test started-at="2024-05-31T11:19:38Z" name="Default test" finished-at="2024-05-31T11:20:10Z" duration-ms="32259">
      <class name="ikame.chatai.testsuite.TS_01_Chat_AI_Main_Screen">
        <test-method is-config="true" signature="init()[pri:0, instance:ikame.chatai.testsuite.TS_01_Chat_AI_Main_Screen@a87f8ec]" started-at="2024-05-31T18:19:38Z" name="init" finished-at="2024-05-31T18:19:43Z" duration-ms="5205" status="PASS">
          <reporter-output>
          </reporter-output>
        </test-method> <!-- init -->
        <test-method signature="TC_001_Check_AllLink_Main_Screen()[pri:0, instance:ikame.chatai.testsuite.TS_01_Chat_AI_Main_Screen@a87f8ec]" started-at="2024-05-31T18:19:43Z" name="TC_001_Check_AllLink_Main_Screen" finished-at="2024-05-31T18:20:10Z" duration-ms="26689" status="PASS">
          <reporter-output>
          </reporter-output>
        </test-method> <!-- TC_001_Check_AllLink_Main_Screen -->
        <test-method is-config="true" signature="after()[pri:0, instance:ikame.chatai.testsuite.TS_01_Chat_AI_Main_Screen@a87f8ec]" started-at="2024-05-31T18:20:10Z" name="after" finished-at="2024-05-31T18:20:10Z" duration-ms="354" status="PASS">
          <reporter-output>
          </reporter-output>
        </test-method> <!-- after -->
      </class> <!-- ikame.chatai.testsuite.TS_01_Chat_AI_Main_Screen -->
    </test> <!-- Default test -->
  </suite> <!-- Default suite -->
</testng-results>
